<?xml version="1.0" encoding="UTF-8"?>
<!-- Generated by org.testng.reporters.JUnitReportReporter -->
<testsuite skipped="0" hostname="LAPTOP-PP7LTPN0" name="kdf.Application" tests="1" failures="0" timestamp="08 Aug 2020 17:05:11 GMT" time="89.738" errors="0">
  <testcase name="invalidLoginTest" time="89.738" classname="kdf.Application"/>
</testsuite> <!-- kdf.Application -->
