<?xml version="1.0" encoding="UTF-8"?>
<!-- Generated by org.testng.reporters.JUnitReportReporter -->
<testsuite skipped="0" hostname="LAPTOP-PP7LTPN0" name="com.webappsecurityzero.TestScripts.VerifyFundTrasferTest" tests="1" failures="0" timestamp="02 Aug 2020 17:09:58 GMT" time="65.979" errors="0">
  <testcase name="verifyFundTransfer" time="65.979" classname="com.webappsecurityzero.TestScripts.VerifyFundTrasferTest"/>
</testsuite> <!-- com.webappsecurityzero.TestScripts.VerifyFundTrasferTest -->
